[    69.743] (--) Log file renamed from "/home/ireguig/.local/share/xorg/Xorg.pid-1257.log" to "/home/ireguig/.local/share/xorg/Xorg.0.log"
[    69.744] 
X.Org X Server 1.19.2
Release Date: 2017-03-02
[    69.744] X Protocol Version 11, Revision 0
[    69.744] Build Operating System: Linux 4.9.0-8-amd64 x86_64 Debian
[    69.744] Current Operating System: Linux pcalb-mm0507 4.9.0-6-amd64 #1 SMP Debian 4.9.88-1+deb9u1 (2018-05-07) x86_64
[    69.744] Kernel command line: BOOT_IMAGE=/boot/vmlinuz-4.9.0-6-amd64 root=UUID=8a0f0b31-a093-4c96-94a7-217126564bdc ro quiet
[    69.745] Build Date: 03 November 2018  03:09:11AM
[    69.745] xorg-server 2:1.19.2-1+deb9u5 (https://www.debian.org/support) 
[    69.745] Current version of pixman: 0.34.0
[    69.745] 	Before reporting problems, check http://wiki.x.org
	to make sure that you have the latest version.
[    69.745] Markers: (--) probed, (**) from config file, (==) default setting,
	(++) from command line, (!!) notice, (II) informational,
	(WW) warning, (EE) error, (NI) not implemented, (??) unknown.
[    69.745] (==) Log file: "/home/ireguig/.local/share/xorg/Xorg.0.log", Time: Tue Feb 26 10:19:21 2019
[    69.757] (==) Using system config directory "/usr/share/X11/xorg.conf.d"
[    69.778] (==) No Layout section.  Using the first Screen section.
[    69.778] (==) No screen section available. Using defaults.
[    69.778] (**) |-->Screen "Default Screen Section" (0)
[    69.778] (**) |   |-->Monitor "<default monitor>"
[    69.779] (==) No monitor specified for screen "Default Screen Section".
	Using a default monitor configuration.
[    69.779] (==) Automatically adding devices
[    69.779] (==) Automatically enabling devices
[    69.779] (==) Automatically adding GPU devices
[    69.779] (==) Max clients allowed: 256, resource mask: 0x1fffff
[    69.779] (WW) The directory "/usr/share/fonts/X11/cyrillic" does not exist.
[    69.779] 	Entry deleted from font path.
[    69.779] (==) FontPath set to:
	/usr/share/fonts/X11/misc,
	/usr/share/fonts/X11/100dpi/:unscaled,
	/usr/share/fonts/X11/75dpi/:unscaled,
	/usr/share/fonts/X11/Type1,
	/usr/share/fonts/X11/100dpi,
	/usr/share/fonts/X11/75dpi,
	built-ins
[    69.779] (==) ModulePath set to "/usr/lib/xorg/modules"
[    69.779] (II) The server relies on udev to provide the list of input devices.
	If no devices become available, reconfigure udev or disable AutoAddDevices.
[    69.779] (II) Loader magic: 0x558f6e6c9e00
[    69.779] (II) Module ABI versions:
[    69.779] 	X.Org ANSI C Emulation: 0.4
[    69.779] 	X.Org Video Driver: 23.0
[    69.779] 	X.Org XInput driver : 24.1
[    69.779] 	X.Org Server Extension : 10.0
[    69.784] (++) using VT number 2

[    69.789] (II) systemd-logind: took control of session /org/freedesktop/login1/session/_32
[    69.791] (II) xfree86: Adding drm device (/dev/dri/card0)
[    69.792] (II) systemd-logind: got fd for /dev/dri/card0 226:0 fd 12 paused 0
[    69.901] (--) PCI:*(0:0:2:0) 8086:1912:1028:06c7 rev 6, Mem @ 0xde000000/16777216, 0xc0000000/268435456, I/O @ 0x0000f000/64, BIOS @ 0x????????/131072
[    69.901] (II) LoadModule: "glx"
[    70.252] (II) Loading /usr/lib/xorg/modules/extensions/libglx.so
[    70.342] (II) Module glx: vendor="X.Org Foundation"
[    70.343] 	compiled for 1.19.2, module version = 1.0.0
[    70.343] 	ABI class: X.Org Server Extension, version 10.0
[    70.343] (==) Matched modesetting as autoconfigured driver 0
[    70.343] (==) Matched fbdev as autoconfigured driver 1
[    70.343] (==) Matched vesa as autoconfigured driver 2
[    70.343] (==) Assigned the driver to the xf86ConfigLayout
[    70.343] (II) LoadModule: "modesetting"
[    70.343] (II) Loading /usr/lib/xorg/modules/drivers/modesetting_drv.so
[    70.344] (II) Module modesetting: vendor="X.Org Foundation"
[    70.344] 	compiled for 1.19.2, module version = 1.19.2
[    70.344] 	Module class: X.Org Video Driver
[    70.344] 	ABI class: X.Org Video Driver, version 23.0
[    70.344] (II) LoadModule: "fbdev"
[    70.344] (II) Loading /usr/lib/xorg/modules/drivers/fbdev_drv.so
[    70.355] (II) Module fbdev: vendor="X.Org Foundation"
[    70.355] 	compiled for 1.19.0, module version = 0.4.4
[    70.355] 	Module class: X.Org Video Driver
[    70.355] 	ABI class: X.Org Video Driver, version 23.0
[    70.355] (II) LoadModule: "vesa"
[    70.356] (II) Loading /usr/lib/xorg/modules/drivers/vesa_drv.so
[    70.359] (II) Module vesa: vendor="X.Org Foundation"
[    70.359] 	compiled for 1.19.0, module version = 2.3.4
[    70.359] 	Module class: X.Org Video Driver
[    70.359] 	ABI class: X.Org Video Driver, version 23.0
[    70.359] (II) modesetting: Driver for Modesetting Kernel Drivers: kms
[    70.359] (II) FBDEV: driver for framebuffer: fbdev
[    70.359] (II) VESA: driver for VESA chipsets: vesa
[    70.359] xf86EnableIOPorts: failed to set IOPL for I/O (Operation not permitted)
[    70.359] (II) modeset(0): using drv /dev/dri/card0
[    70.359] (WW) Falling back to old probe method for fbdev
[    70.359] (II) Loading sub module "fbdevhw"
[    70.359] (II) LoadModule: "fbdevhw"
[    70.360] (II) Loading /usr/lib/xorg/modules/libfbdevhw.so
[    70.369] (II) Module fbdevhw: vendor="X.Org Foundation"
[    70.369] 	compiled for 1.19.2, module version = 0.0.2
[    70.369] 	ABI class: X.Org Video Driver, version 23.0
[    70.369] (WW) Falling back to old probe method for vesa
[    70.369] (WW) VGA arbiter: cannot open kernel arbiter, no multi-card support
[    70.369] (II) modeset(0): Creating default Display subsection in Screen section
	"Default Screen Section" for depth/fbbpp 24/32
[    70.369] (==) modeset(0): Depth 24, (==) framebuffer bpp 32
[    70.369] (==) modeset(0): RGB weight 888
[    70.369] (==) modeset(0): Default visual is TrueColor
[    70.369] (II) Loading sub module "glamoregl"
[    70.369] (II) LoadModule: "glamoregl"
[    70.370] (II) Loading /usr/lib/xorg/modules/libglamoregl.so
[    70.385] (II) Module glamoregl: vendor="X.Org Foundation"
[    70.385] 	compiled for 1.19.2, module version = 1.0.0
[    70.385] 	ABI class: X.Org ANSI C Emulation, version 0.4
[    70.385] (II) glamor: OpenGL accelerated X.org driver based.
[    70.391] (II) glamor: EGL version 1.4 (DRI2):
[    70.392] (II) modeset(0): glamor initialized
[    70.397] (II) modeset(0): Output HDMI-1 has no monitor section
[    70.397] (II) modeset(0): Output DP-1 has no monitor section
[    70.402] (II) modeset(0): Output HDMI-2 has no monitor section
[    70.406] (II) modeset(0): Output DP-2 has no monitor section
[    70.410] (II) modeset(0): Output HDMI-3 has no monitor section
[    70.410] (II) modeset(0): Output DP-3 has no monitor section
[    70.414] (II) modeset(0): EDID for output HDMI-1
[    70.414] (II) modeset(0): EDID for output DP-1
[    70.418] (II) modeset(0): EDID for output HDMI-2
[    70.422] (II) modeset(0): EDID for output DP-2
[    70.422] (II) modeset(0): Manufacturer: DEL  Model: a097  Serial#: 894851394
[    70.422] (II) modeset(0): Year: 2016  Week: 8
[    70.422] (II) modeset(0): EDID Version: 1.4
[    70.422] (II) modeset(0): Digital Display Input
[    70.422] (II) modeset(0): 8 bits per channel
[    70.422] (II) modeset(0): Digital interface is DisplayPort
[    70.422] (II) modeset(0): Max Image Size [cm]: horiz.: 48  vert.: 27
[    70.422] (II) modeset(0): Gamma: 2.20
[    70.422] (II) modeset(0): DPMS capabilities: Off
[    70.422] (II) modeset(0): Supported color encodings: RGB 4:4:4 YCrCb 4:4:4 YCrCb 4:2:2
[    70.422] (II) modeset(0): First detailed timing is preferred mode
[    70.422] (II) modeset(0): Preferred mode is native pixel format and refresh rate
[    70.422] (II) modeset(0): redX: 0.651 redY: 0.338   greenX: 0.318 greenY: 0.612
[    70.422] (II) modeset(0): blueX: 0.151 blueY: 0.065   whiteX: 0.313 whiteY: 0.329
[    70.422] (II) modeset(0): Supported established timings:
[    70.422] (II) modeset(0): 720x400@70Hz
[    70.422] (II) modeset(0): 640x480@60Hz
[    70.422] (II) modeset(0): 640x480@75Hz
[    70.422] (II) modeset(0): 800x600@60Hz
[    70.422] (II) modeset(0): 800x600@75Hz
[    70.422] (II) modeset(0): 1024x768@60Hz
[    70.422] (II) modeset(0): 1024x768@75Hz
[    70.422] (II) modeset(0): 1280x1024@75Hz
[    70.422] (II) modeset(0): Manufacturer's mask: 0
[    70.422] (II) modeset(0): Supported standard timings:
[    70.422] (II) modeset(0): #0: hsize: 1152  vsize 864  refresh: 75  vid: 20337
[    70.422] (II) modeset(0): #1: hsize: 1280  vsize 1024  refresh: 60  vid: 32897
[    70.422] (II) modeset(0): #2: hsize: 1600  vsize 900  refresh: 60  vid: 49321
[    70.422] (II) modeset(0): #3: hsize: 1920  vsize 1080  refresh: 60  vid: 49361
[    70.422] (II) modeset(0): Supported detailed timing:
[    70.422] (II) modeset(0): clock: 148.5 MHz   Image Size:  477 x 268 mm
[    70.422] (II) modeset(0): h_active: 1920  h_sync: 2008  h_sync_end 2052 h_blank_end 2200 h_border: 0
[    70.422] (II) modeset(0): v_active: 1080  v_sync: 1084  v_sync_end 1089 v_blanking: 1125 v_border: 0
[    70.422] (II) modeset(0): Serial No: FJ5YD62J5VYB
[    70.422] (II) modeset(0): Monitor name: DELL P2214H
[    70.422] (II) modeset(0): Ranges: V min: 56 V max: 76 Hz, H min: 30 H max: 83 kHz, PixClock max 175 MHz
[    70.422] (II) modeset(0): EDID (in hex):
[    70.422] (II) modeset(0): 	00ffffffffffff0010ac97a042595635
[    70.422] (II) modeset(0): 	081a0104a5301b783aebf5a656519c26
[    70.422] (II) modeset(0): 	105054a54b00714f8180a9c0d1c00101
[    70.422] (II) modeset(0): 	010101010101023a801871382d40582c
[    70.422] (II) modeset(0): 	4500dd0c1100001e000000ff00464a35
[    70.422] (II) modeset(0): 	594436324a355659420a000000fc0044
[    70.422] (II) modeset(0): 	454c4c205032323134480a20000000fd
[    70.422] (II) modeset(0): 	00384c1e5311000a202020202020002b
[    70.422] (II) modeset(0): Printing probed modes for output DP-2
[    70.422] (II) modeset(0): Modeline "1920x1080"x60.0  148.50  1920 2008 2052 2200  1080 1084 1089 1125 +hsync +vsync (67.5 kHz eP)
[    70.422] (II) modeset(0): Modeline "1600x900"x60.0  108.00  1600 1624 1704 1800  900 901 904 1000 +hsync +vsync (60.0 kHz e)
[    70.422] (II) modeset(0): Modeline "1280x1024"x75.0  135.00  1280 1296 1440 1688  1024 1025 1028 1066 +hsync +vsync (80.0 kHz e)
[    70.422] (II) modeset(0): Modeline "1280x1024"x60.0  108.00  1280 1328 1440 1688  1024 1025 1028 1066 +hsync +vsync (64.0 kHz e)
[    70.422] (II) modeset(0): Modeline "1152x864"x75.0  108.00  1152 1216 1344 1600  864 865 868 900 +hsync +vsync (67.5 kHz e)
[    70.422] (II) modeset(0): Modeline "1024x768"x75.0   78.75  1024 1040 1136 1312  768 769 772 800 +hsync +vsync (60.0 kHz e)
[    70.422] (II) modeset(0): Modeline "1024x768"x60.0   65.00  1024 1048 1184 1344  768 771 777 806 -hsync -vsync (48.4 kHz e)
[    70.422] (II) modeset(0): Modeline "800x600"x75.0   49.50  800 816 896 1056  600 601 604 625 +hsync +vsync (46.9 kHz e)
[    70.422] (II) modeset(0): Modeline "800x600"x60.3   40.00  800 840 968 1056  600 601 605 628 +hsync +vsync (37.9 kHz e)
[    70.422] (II) modeset(0): Modeline "640x480"x75.0   31.50  640 656 720 840  480 481 484 500 -hsync -vsync (37.5 kHz e)
[    70.422] (II) modeset(0): Modeline "640x480"x59.9   25.18  640 656 752 800  480 490 492 525 -hsync -vsync (31.5 kHz e)
[    70.422] (II) modeset(0): Modeline "720x400"x70.1   28.32  720 738 846 900  400 412 414 449 -hsync +vsync (31.5 kHz e)
[    70.427] (II) modeset(0): EDID for output HDMI-3
[    70.427] (II) modeset(0): EDID for output DP-3
[    70.427] (II) modeset(0): Output HDMI-1 disconnected
[    70.427] (II) modeset(0): Output DP-1 disconnected
[    70.427] (II) modeset(0): Output HDMI-2 disconnected
[    70.427] (II) modeset(0): Output DP-2 connected
[    70.427] (II) modeset(0): Output HDMI-3 disconnected
[    70.427] (II) modeset(0): Output DP-3 disconnected
[    70.427] (II) modeset(0): Using exact sizes for initial modes
[    70.427] (II) modeset(0): Output DP-2 using initial mode 1920x1080 +0+0
[    70.427] (==) modeset(0): Using gamma correction (1.0, 1.0, 1.0)
[    70.427] (==) modeset(0): DPI set to (96, 96)
[    70.427] (II) Loading sub module "fb"
[    70.427] (II) LoadModule: "fb"
[    70.427] (II) Loading /usr/lib/xorg/modules/libfb.so
[    70.545] (II) Module fb: vendor="X.Org Foundation"
[    70.545] 	compiled for 1.19.2, module version = 1.0.0
[    70.545] 	ABI class: X.Org ANSI C Emulation, version 0.4
[    70.545] (II) UnloadModule: "fbdev"
[    70.545] (II) Unloading fbdev
[    70.545] (II) UnloadSubModule: "fbdevhw"
[    70.545] (II) Unloading fbdevhw
[    70.545] (II) UnloadModule: "vesa"
[    70.545] (II) Unloading vesa
[    70.546] (==) Depth 24 pixmap format is 32 bpp
[    70.634] (==) modeset(0): Backing store enabled
[    70.634] (==) modeset(0): Silken mouse enabled
[    70.649] (II) modeset(0): RandR 1.2 enabled, ignore the following RandR disabled message.
[    70.691] (==) modeset(0): DPMS enabled
[    70.691] (II) modeset(0): [DRI2] Setup complete
[    70.691] (II) modeset(0): [DRI2]   DRI driver: i965
[    70.691] (II) modeset(0): [DRI2]   VDPAU driver: i965
[    70.691] (--) RandR disabled
[    70.746] (II) SELinux: Disabled on system
[    70.759] (II) AIGLX: enabled GLX_MESA_copy_sub_buffer
[    70.759] (II) AIGLX: enabled GLX_ARB_create_context
[    70.759] (II) AIGLX: enabled GLX_ARB_create_context_profile
[    70.759] (II) AIGLX: enabled GLX_EXT_create_context_es{,2}_profile
[    70.759] (II) AIGLX: enabled GLX_INTEL_swap_event
[    70.759] (II) AIGLX: enabled GLX_SGI_swap_control
[    70.759] (II) AIGLX: enabled GLX_EXT_framebuffer_sRGB
[    70.759] (II) AIGLX: enabled GLX_ARB_fbconfig_float
[    70.759] (II) AIGLX: enabled GLX_EXT_fbconfig_packed_float
[    70.759] (II) AIGLX: GLX_EXT_texture_from_pixmap backed by buffer objects
[    70.759] (II) AIGLX: enabled GLX_ARB_create_context_robustness
[    70.759] (II) AIGLX: Loaded and initialized i965
[    70.759] (II) GLX: Initialized DRI2 GL provider for screen 0
[    70.765] (II) modeset(0): Damage tracking initialized
[    70.765] (II) modeset(0): Setting screen physical size to 508 x 285
[    71.182] (II) config/udev: Adding input device Power Button (/dev/input/event5)
[    71.182] (**) Power Button: Applying InputClass "libinput keyboard catchall"
[    71.182] (II) LoadModule: "libinput"
[    71.182] (II) Loading /usr/lib/xorg/modules/input/libinput_drv.so
[    71.339] (II) Module libinput: vendor="X.Org Foundation"
[    71.339] 	compiled for 1.19.0, module version = 0.23.0
[    71.339] 	Module class: X.Org XInput Driver
[    71.339] 	ABI class: X.Org XInput driver, version 24.1
[    71.339] (II) Using input driver 'libinput' for 'Power Button'
[    71.341] (II) systemd-logind: got fd for /dev/input/event5 13:69 fd 21 paused 0
[    71.341] (**) Power Button: always reports core events
[    71.341] (**) Option "Device" "/dev/input/event5"
[    71.341] (**) Option "_source" "server/udev"
[    71.342] (II) input device 'Power Button', /dev/input/event5 is tagged by udev as: Keyboard
[    71.342] (II) input device 'Power Button', /dev/input/event5 is a keyboard
[    71.342] (**) Option "config_info" "udev:/sys/devices/LNXSYSTM:00/LNXPWRBN:00/input/input8/event5"
[    71.342] (II) XINPUT: Adding extended input device "Power Button" (type: KEYBOARD, id 6)
[    71.342] (**) Option "xkb_model" "pc105"
[    71.342] (**) Option "xkb_layout" "fr"
[    71.342] (**) Option "xkb_variant" "latin9"
[    71.356] (II) input device 'Power Button', /dev/input/event5 is tagged by udev as: Keyboard
[    71.356] (II) input device 'Power Button', /dev/input/event5 is a keyboard
[    71.357] (II) config/udev: Adding input device Video Bus (/dev/input/event7)
[    71.357] (**) Video Bus: Applying InputClass "libinput keyboard catchall"
[    71.357] (II) Using input driver 'libinput' for 'Video Bus'
[    71.357] (II) systemd-logind: got fd for /dev/input/event7 13:71 fd 24 paused 0
[    71.357] (**) Video Bus: always reports core events
[    71.357] (**) Option "Device" "/dev/input/event7"
[    71.357] (**) Option "_source" "server/udev"
[    71.357] (II) input device 'Video Bus', /dev/input/event7 is tagged by udev as: Keyboard
[    71.357] (II) input device 'Video Bus', /dev/input/event7 is a keyboard
[    71.358] (**) Option "config_info" "udev:/sys/devices/LNXSYSTM:00/LNXSYBUS:00/PNP0A08:00/LNXVIDEO:00/input/input10/event7"
[    71.358] (II) XINPUT: Adding extended input device "Video Bus" (type: KEYBOARD, id 7)
[    71.358] (**) Option "xkb_model" "pc105"
[    71.358] (**) Option "xkb_layout" "fr"
[    71.358] (**) Option "xkb_variant" "latin9"
[    71.358] (II) input device 'Video Bus', /dev/input/event7 is tagged by udev as: Keyboard
[    71.358] (II) input device 'Video Bus', /dev/input/event7 is a keyboard
[    71.358] (II) config/udev: Adding input device Power Button (/dev/input/event4)
[    71.358] (**) Power Button: Applying InputClass "libinput keyboard catchall"
[    71.358] (II) Using input driver 'libinput' for 'Power Button'
[    71.358] (II) systemd-logind: got fd for /dev/input/event4 13:68 fd 25 paused 0
[    71.358] (**) Power Button: always reports core events
[    71.358] (**) Option "Device" "/dev/input/event4"
[    71.358] (**) Option "_source" "server/udev"
[    71.359] (II) input device 'Power Button', /dev/input/event4 is tagged by udev as: Keyboard
[    71.359] (II) input device 'Power Button', /dev/input/event4 is a keyboard
[    71.359] (**) Option "config_info" "udev:/sys/devices/LNXSYSTM:00/LNXSYBUS:00/PNP0C0C:00/input/input7/event4"
[    71.359] (II) XINPUT: Adding extended input device "Power Button" (type: KEYBOARD, id 8)
[    71.359] (**) Option "xkb_model" "pc105"
[    71.359] (**) Option "xkb_layout" "fr"
[    71.359] (**) Option "xkb_variant" "latin9"
[    71.359] (II) input device 'Power Button', /dev/input/event4 is tagged by udev as: Keyboard
[    71.359] (II) input device 'Power Button', /dev/input/event4 is a keyboard
[    71.359] (II) config/udev: Adding input device Sleep Button (/dev/input/event3)
[    71.359] (**) Sleep Button: Applying InputClass "libinput keyboard catchall"
[    71.359] (II) Using input driver 'libinput' for 'Sleep Button'
[    71.360] (II) systemd-logind: got fd for /dev/input/event3 13:67 fd 26 paused 0
[    71.360] (**) Sleep Button: always reports core events
[    71.360] (**) Option "Device" "/dev/input/event3"
[    71.360] (**) Option "_source" "server/udev"
[    71.360] (II) input device 'Sleep Button', /dev/input/event3 is tagged by udev as: Keyboard
[    71.360] (II) input device 'Sleep Button', /dev/input/event3 is a keyboard
[    71.360] (**) Option "config_info" "udev:/sys/devices/LNXSYSTM:00/LNXSYBUS:00/PNP0C0E:00/input/input6/event3"
[    71.360] (II) XINPUT: Adding extended input device "Sleep Button" (type: KEYBOARD, id 9)
[    71.360] (**) Option "xkb_model" "pc105"
[    71.360] (**) Option "xkb_layout" "fr"
[    71.360] (**) Option "xkb_variant" "latin9"
[    71.360] (II) input device 'Sleep Button', /dev/input/event3 is tagged by udev as: Keyboard
[    71.360] (II) input device 'Sleep Button', /dev/input/event3 is a keyboard
[    71.361] (II) config/udev: Adding input device PixArt Dell MS116 USB Optical Mouse (/dev/input/event0)
[    71.361] (**) PixArt Dell MS116 USB Optical Mouse: Applying InputClass "libinput pointer catchall"
[    71.361] (II) Using input driver 'libinput' for 'PixArt Dell MS116 USB Optical Mouse'
[    71.361] (II) systemd-logind: got fd for /dev/input/event0 13:64 fd 27 paused 0
[    71.361] (**) PixArt Dell MS116 USB Optical Mouse: always reports core events
[    71.361] (**) Option "Device" "/dev/input/event0"
[    71.361] (**) Option "_source" "server/udev"
[    71.362] (II) input device 'PixArt Dell MS116 USB Optical Mouse', /dev/input/event0 is tagged by udev as: Mouse
[    71.362] (II) input device 'PixArt Dell MS116 USB Optical Mouse', /dev/input/event0 is a pointer caps
[    71.362] (**) Option "config_info" "udev:/sys/devices/pci0000:00/0000:00:14.0/usb1/1-6/1-6:1.0/0003:413C:301A.0001/input/input3/event0"
[    71.362] (II) XINPUT: Adding extended input device "PixArt Dell MS116 USB Optical Mouse" (type: MOUSE, id 10)
[    71.362] (**) Option "AccelerationScheme" "none"
[    71.362] (**) PixArt Dell MS116 USB Optical Mouse: (accel) selected scheme none/0
[    71.362] (**) PixArt Dell MS116 USB Optical Mouse: (accel) acceleration factor: 2.000
[    71.362] (**) PixArt Dell MS116 USB Optical Mouse: (accel) acceleration threshold: 4
[    71.362] (II) input device 'PixArt Dell MS116 USB Optical Mouse', /dev/input/event0 is tagged by udev as: Mouse
[    71.362] (II) input device 'PixArt Dell MS116 USB Optical Mouse', /dev/input/event0 is a pointer caps
[    71.362] (II) config/udev: Adding input device PixArt Dell MS116 USB Optical Mouse (/dev/input/mouse0)
[    71.362] (II) No input driver specified, ignoring this device.
[    71.362] (II) This device may have been added with another device file.
[    71.363] (II) config/udev: Adding input device Dell KB216 Wired Keyboard (/dev/input/event1)
[    71.363] (**) Dell KB216 Wired Keyboard: Applying InputClass "libinput keyboard catchall"
[    71.363] (II) Using input driver 'libinput' for 'Dell KB216 Wired Keyboard'
[    71.363] (II) systemd-logind: got fd for /dev/input/event1 13:65 fd 28 paused 0
[    71.363] (**) Dell KB216 Wired Keyboard: always reports core events
[    71.363] (**) Option "Device" "/dev/input/event1"
[    71.363] (**) Option "_source" "server/udev"
[    71.363] (II) input device 'Dell KB216 Wired Keyboard', /dev/input/event1 is tagged by udev as: Keyboard
[    71.363] (II) input device 'Dell KB216 Wired Keyboard', /dev/input/event1 is a keyboard
[    71.363] (**) Option "config_info" "udev:/sys/devices/pci0000:00/0000:00:14.0/usb1/1-8/1-8:1.0/0003:413C:2113.0002/input/input4/event1"
[    71.363] (II) XINPUT: Adding extended input device "Dell KB216 Wired Keyboard" (type: KEYBOARD, id 11)
[    71.363] (**) Option "xkb_model" "pc105"
[    71.363] (**) Option "xkb_layout" "fr"
[    71.363] (**) Option "xkb_variant" "latin9"
[    71.364] (II) input device 'Dell KB216 Wired Keyboard', /dev/input/event1 is tagged by udev as: Keyboard
[    71.364] (II) input device 'Dell KB216 Wired Keyboard', /dev/input/event1 is a keyboard
[    71.364] (II) config/udev: Adding input device Dell KB216 Wired Keyboard (/dev/input/event2)
[    71.364] (**) Dell KB216 Wired Keyboard: Applying InputClass "libinput keyboard catchall"
[    71.364] (II) Using input driver 'libinput' for 'Dell KB216 Wired Keyboard'
[    71.364] (II) systemd-logind: got fd for /dev/input/event2 13:66 fd 29 paused 0
[    71.364] (**) Dell KB216 Wired Keyboard: always reports core events
[    71.364] (**) Option "Device" "/dev/input/event2"
[    71.364] (**) Option "_source" "server/udev"
[    71.365] (II) input device 'Dell KB216 Wired Keyboard', /dev/input/event2 is tagged by udev as: Keyboard
[    71.365] (II) input device 'Dell KB216 Wired Keyboard', /dev/input/event2 is a keyboard
[    71.365] (**) Option "config_info" "udev:/sys/devices/pci0000:00/0000:00:14.0/usb1/1-8/1-8:1.1/0003:413C:2113.0003/input/input5/event2"
[    71.365] (II) XINPUT: Adding extended input device "Dell KB216 Wired Keyboard" (type: KEYBOARD, id 12)
[    71.365] (**) Option "xkb_model" "pc105"
[    71.365] (**) Option "xkb_layout" "fr"
[    71.365] (**) Option "xkb_variant" "latin9"
[    71.365] (II) input device 'Dell KB216 Wired Keyboard', /dev/input/event2 is tagged by udev as: Keyboard
[    71.365] (II) input device 'Dell KB216 Wired Keyboard', /dev/input/event2 is a keyboard
[    71.365] (II) config/udev: Adding input device HDA Digital PCBeep (/dev/input/event9)
[    71.365] (II) No input driver specified, ignoring this device.
[    71.365] (II) This device may have been added with another device file.
[    71.365] (II) config/udev: Adding input device HDA Intel PCH Headphone Mic (/dev/input/event10)
[    71.365] (II) No input driver specified, ignoring this device.
[    71.365] (II) This device may have been added with another device file.
[    71.366] (II) config/udev: Adding input device HDA Intel PCH Line Out (/dev/input/event11)
[    71.366] (II) No input driver specified, ignoring this device.
[    71.366] (II) This device may have been added with another device file.
[    71.366] (II) config/udev: Adding input device HDA Intel PCH HDMI/DP,pcm=3 (/dev/input/event12)
[    71.366] (II) No input driver specified, ignoring this device.
[    71.366] (II) This device may have been added with another device file.
[    71.366] (II) config/udev: Adding input device HDA Intel PCH HDMI/DP,pcm=7 (/dev/input/event13)
[    71.366] (II) No input driver specified, ignoring this device.
[    71.366] (II) This device may have been added with another device file.
[    71.366] (II) config/udev: Adding input device HDA Intel PCH HDMI/DP,pcm=8 (/dev/input/event14)
[    71.366] (II) No input driver specified, ignoring this device.
[    71.366] (II) This device may have been added with another device file.
[    71.366] (II) config/udev: Adding input device PC Speaker (/dev/input/event6)
[    71.366] (II) No input driver specified, ignoring this device.
[    71.366] (II) This device may have been added with another device file.
[    71.367] (II) config/udev: Adding input device Dell WMI hotkeys (/dev/input/event8)
[    71.367] (**) Dell WMI hotkeys: Applying InputClass "libinput keyboard catchall"
[    71.367] (II) Using input driver 'libinput' for 'Dell WMI hotkeys'
[    71.367] (II) systemd-logind: got fd for /dev/input/event8 13:72 fd 30 paused 0
[    71.367] (**) Dell WMI hotkeys: always reports core events
[    71.367] (**) Option "Device" "/dev/input/event8"
[    71.367] (**) Option "_source" "server/udev"
[    71.367] (II) input device 'Dell WMI hotkeys', /dev/input/event8 is tagged by udev as: Keyboard
[    71.367] (II) input device 'Dell WMI hotkeys', /dev/input/event8 is a keyboard
[    71.367] (**) Option "config_info" "udev:/sys/devices/virtual/input/input11/event8"
[    71.367] (II) XINPUT: Adding extended input device "Dell WMI hotkeys" (type: KEYBOARD, id 13)
[    71.367] (**) Option "xkb_model" "pc105"
[    71.367] (**) Option "xkb_layout" "fr"
[    71.367] (**) Option "xkb_variant" "latin9"
[    71.367] (II) input device 'Dell WMI hotkeys', /dev/input/event8 is tagged by udev as: Keyboard
[    71.367] (II) input device 'Dell WMI hotkeys', /dev/input/event8 is a keyboard
[    73.434] (II) modeset(0): EDID vendor "DEL", prod id 41111
[    73.434] (II) modeset(0): Using EDID range info for horizontal sync
[    73.434] (II) modeset(0): Using EDID range info for vertical refresh
[    73.434] (II) modeset(0): Printing DDC gathered Modelines:
[    73.434] (II) modeset(0): Modeline "1920x1080"x0.0  148.50  1920 2008 2052 2200  1080 1084 1089 1125 +hsync +vsync (67.5 kHz eP)
[    73.434] (II) modeset(0): Modeline "800x600"x0.0   40.00  800 840 968 1056  600 601 605 628 +hsync +vsync (37.9 kHz e)
[    73.434] (II) modeset(0): Modeline "640x480"x0.0   31.50  640 656 720 840  480 481 484 500 -hsync -vsync (37.5 kHz e)
[    73.434] (II) modeset(0): Modeline "640x480"x0.0   25.18  640 656 752 800  480 490 492 525 -hsync -vsync (31.5 kHz e)
[    73.434] (II) modeset(0): Modeline "720x400"x0.0   28.32  720 738 846 900  400 412 414 449 -hsync +vsync (31.5 kHz e)
[    73.434] (II) modeset(0): Modeline "1280x1024"x0.0  135.00  1280 1296 1440 1688  1024 1025 1028 1066 +hsync +vsync (80.0 kHz e)
[    73.434] (II) modeset(0): Modeline "1024x768"x0.0   78.75  1024 1040 1136 1312  768 769 772 800 +hsync +vsync (60.0 kHz e)
[    73.434] (II) modeset(0): Modeline "1024x768"x0.0   65.00  1024 1048 1184 1344  768 771 777 806 -hsync -vsync (48.4 kHz e)
[    73.434] (II) modeset(0): Modeline "800x600"x0.0   49.50  800 816 896 1056  600 601 604 625 +hsync +vsync (46.9 kHz e)
[    73.434] (II) modeset(0): Modeline "1152x864"x0.0  108.00  1152 1216 1344 1600  864 865 868 900 +hsync +vsync (67.5 kHz e)
[    73.434] (II) modeset(0): Modeline "1280x1024"x0.0  108.00  1280 1328 1440 1688  1024 1025 1028 1066 +hsync +vsync (64.0 kHz e)
[    73.434] (II) modeset(0): Modeline "1600x900"x60.0  119.00  1600 1696 1864 2128  900 901 904 932 -hsync +vsync (55.9 kHz e)
[    73.434] (II) modeset(0): Modeline "1920x1080"x60.0  172.80  1920 2040 2248 2576  1080 1081 1084 1118 -hsync +vsync (67.1 kHz e)
[    77.868] (II) modeset(0): EDID vendor "DEL", prod id 41111
[    77.868] (II) modeset(0): Using hsync ranges from config file
[    77.868] (II) modeset(0): Using vrefresh ranges from config file
[    77.868] (II) modeset(0): Printing DDC gathered Modelines:
[    77.868] (II) modeset(0): Modeline "1920x1080"x0.0  148.50  1920 2008 2052 2200  1080 1084 1089 1125 +hsync +vsync (67.5 kHz eP)
[    77.868] (II) modeset(0): Modeline "800x600"x0.0   40.00  800 840 968 1056  600 601 605 628 +hsync +vsync (37.9 kHz e)
[    77.868] (II) modeset(0): Modeline "640x480"x0.0   31.50  640 656 720 840  480 481 484 500 -hsync -vsync (37.5 kHz e)
[    77.868] (II) modeset(0): Modeline "640x480"x0.0   25.18  640 656 752 800  480 490 492 525 -hsync -vsync (31.5 kHz e)
[    77.868] (II) modeset(0): Modeline "720x400"x0.0   28.32  720 738 846 900  400 412 414 449 -hsync +vsync (31.5 kHz e)
[    77.868] (II) modeset(0): Modeline "1280x1024"x0.0  135.00  1280 1296 1440 1688  1024 1025 1028 1066 +hsync +vsync (80.0 kHz e)
[    77.868] (II) modeset(0): Modeline "1024x768"x0.0   78.75  1024 1040 1136 1312  768 769 772 800 +hsync +vsync (60.0 kHz e)
[    77.868] (II) modeset(0): Modeline "1024x768"x0.0   65.00  1024 1048 1184 1344  768 771 777 806 -hsync -vsync (48.4 kHz e)
[    77.868] (II) modeset(0): Modeline "800x600"x0.0   49.50  800 816 896 1056  600 601 604 625 +hsync +vsync (46.9 kHz e)
[    77.868] (II) modeset(0): Modeline "1152x864"x0.0  108.00  1152 1216 1344 1600  864 865 868 900 +hsync +vsync (67.5 kHz e)
[    77.868] (II) modeset(0): Modeline "1280x1024"x0.0  108.00  1280 1328 1440 1688  1024 1025 1028 1066 +hsync +vsync (64.0 kHz e)
[    77.868] (II) modeset(0): Modeline "1600x900"x60.0  119.00  1600 1696 1864 2128  900 901 904 932 -hsync +vsync (55.9 kHz e)
[    77.868] (II) modeset(0): Modeline "1920x1080"x60.0  172.80  1920 2040 2248 2576  1080 1081 1084 1118 -hsync +vsync (67.1 kHz e)
